[0.008s] Invoking command in '/home/samim101/ws_mobile/build/mobile_robot': CMAKE_PREFIX_PATH=/opt/ros/iron /usr/bin/cmake --build /home/samim101/ws_mobile/build/mobile_robot -- -j8 -l8
[0.028s] -- Found ament_cmake: 2.0.5 (/opt/ros/iron/share/ament_cmake/cmake)
[0.138s] -- Found ament_lint_auto: 0.14.3 (/opt/ros/iron/share/ament_lint_auto/cmake)
[0.189s] -- Added test 'flake8' to check Python code syntax and style conventions
[0.189s] -- Configured 'flake8' exclude dirs and/or files: 
[0.189s] -- Added test 'lint_cmake' to check CMake code style
[0.189s] -- Added test 'pep257' to check Python code against some of the docstring style conventions in PEP 257
[0.190s] -- Added test 'xmllint' to check XML markup files
[0.191s] -- Configuring done
[0.193s] -- Generating done
[0.194s] -- Build files have been written to: /home/samim101/ws_mobile/build/mobile_robot
[0.209s] Invoked command in '/home/samim101/ws_mobile/build/mobile_robot' returned '0': CMAKE_PREFIX_PATH=/opt/ros/iron /usr/bin/cmake --build /home/samim101/ws_mobile/build/mobile_robot -- -j8 -l8
[0.233s] Invoking command in '/home/samim101/ws_mobile/build/mobile_robot': CMAKE_PREFIX_PATH=/opt/ros/iron /usr/bin/cmake --install /home/samim101/ws_mobile/build/mobile_robot
[0.238s] -- Install configuration: ""
[0.238s] -- Installing: /home/samim101/ws_mobile/install/mobile_robot/share/mobile_robot/launch
[0.238s] -- Installing: /home/samim101/ws_mobile/install/mobile_robot/share/mobile_robot/launch/gazebo_model.launch.py
[0.238s] -- Installing: /home/samim101/ws_mobile/install/mobile_robot/share/mobile_robot/model
[0.239s] -- Installing: /home/samim101/ws_mobile/install/mobile_robot/share/mobile_robot/model/robot.xacro
[0.239s] -- Installing: /home/samim101/ws_mobile/install/mobile_robot/share/mobile_robot/model/robot.gazebo
[0.239s] -- Installing: /home/samim101/ws_mobile/install/mobile_robot/share/ament_index/resource_index/package_run_dependencies/mobile_robot
[0.239s] -- Up-to-date: /home/samim101/ws_mobile/install/mobile_robot/share/ament_index/resource_index/parent_prefix_path/mobile_robot
[0.239s] -- Up-to-date: /home/samim101/ws_mobile/install/mobile_robot/share/mobile_robot/environment/ament_prefix_path.sh
[0.239s] -- Up-to-date: /home/samim101/ws_mobile/install/mobile_robot/share/mobile_robot/environment/ament_prefix_path.dsv
[0.239s] -- Up-to-date: /home/samim101/ws_mobile/install/mobile_robot/share/mobile_robot/environment/path.sh
[0.239s] -- Up-to-date: /home/samim101/ws_mobile/install/mobile_robot/share/mobile_robot/environment/path.dsv
[0.239s] -- Up-to-date: /home/samim101/ws_mobile/install/mobile_robot/share/mobile_robot/local_setup.bash
[0.239s] -- Up-to-date: /home/samim101/ws_mobile/install/mobile_robot/share/mobile_robot/local_setup.sh
[0.239s] -- Up-to-date: /home/samim101/ws_mobile/install/mobile_robot/share/mobile_robot/local_setup.zsh
[0.240s] -- Up-to-date: /home/samim101/ws_mobile/install/mobile_robot/share/mobile_robot/local_setup.dsv
[0.240s] -- Up-to-date: /home/samim101/ws_mobile/install/mobile_robot/share/mobile_robot/package.dsv
[0.240s] -- Up-to-date: /home/samim101/ws_mobile/install/mobile_robot/share/ament_index/resource_index/packages/mobile_robot
[0.240s] -- Up-to-date: /home/samim101/ws_mobile/install/mobile_robot/share/mobile_robot/cmake/mobile_robotConfig.cmake
[0.240s] -- Up-to-date: /home/samim101/ws_mobile/install/mobile_robot/share/mobile_robot/cmake/mobile_robotConfig-version.cmake
[0.240s] -- Installing: /home/samim101/ws_mobile/install/mobile_robot/share/mobile_robot/package.xml
[0.241s] Invoked command in '/home/samim101/ws_mobile/build/mobile_robot' returned '0': CMAKE_PREFIX_PATH=/opt/ros/iron /usr/bin/cmake --install /home/samim101/ws_mobile/build/mobile_robot
