[0.015s] Invoking command in '/home/samim101/ws_mobile/build/mobile_robot': CMAKE_PREFIX_PATH=/opt/ros/iron /usr/bin/cmake /home/samim101/ws_mobile/src/mobile_robot -DCMAKE_INSTALL_PREFIX=/home/samim101/ws_mobile/install/mobile_robot
[0.223s] -- The C compiler identification is GNU 11.4.0
[0.390s] -- The CXX compiler identification is GNU 11.4.0
[0.407s] -- Detecting C compiler ABI info
[0.536s] -- Detecting C compiler ABI info - done
[0.550s] -- Check for working C compiler: /usr/bin/cc - skipped
[0.552s] -- Detecting C compile features
[0.553s] -- Detecting C compile features - done
[0.559s] -- Detecting CXX compiler ABI info
[0.706s] -- Detecting CXX compiler ABI info - done
[0.721s] -- Check for working CXX compiler: /usr/bin/c++ - skipped
[0.722s] -- Detecting CXX compile features
[0.723s] -- Detecting CXX compile features - done
[0.735s] -- Found ament_cmake: 2.0.5 (/opt/ros/iron/share/ament_cmake/cmake)
[1.057s] -- Found Python3: /usr/bin/python3.10 (found version "3.10.12") found components: Interpreter 
[1.233s] -- Found ament_lint_auto: 0.14.3 (/opt/ros/iron/share/ament_lint_auto/cmake)
[1.384s] -- Added test 'lint_cmake' to check CMake code style
[1.386s] -- Added test 'xmllint' to check XML markup files
[1.388s] -- Configuring done
[1.393s] -- Generating done
[1.394s] -- Build files have been written to: /home/samim101/ws_mobile/build/mobile_robot
[1.402s] Invoked command in '/home/samim101/ws_mobile/build/mobile_robot' returned '0': CMAKE_PREFIX_PATH=/opt/ros/iron /usr/bin/cmake /home/samim101/ws_mobile/src/mobile_robot -DCMAKE_INSTALL_PREFIX=/home/samim101/ws_mobile/install/mobile_robot
[1.405s] Invoking command in '/home/samim101/ws_mobile/build/mobile_robot': CMAKE_PREFIX_PATH=/opt/ros/iron /usr/bin/cmake --build /home/samim101/ws_mobile/build/mobile_robot -- -j8 -l8
[1.470s] Invoked command in '/home/samim101/ws_mobile/build/mobile_robot' returned '0': CMAKE_PREFIX_PATH=/opt/ros/iron /usr/bin/cmake --build /home/samim101/ws_mobile/build/mobile_robot -- -j8 -l8
[1.527s] Invoking command in '/home/samim101/ws_mobile/build/mobile_robot': CMAKE_PREFIX_PATH=/opt/ros/iron /usr/bin/cmake --install /home/samim101/ws_mobile/build/mobile_robot
[1.540s] -- Install configuration: ""
[1.541s] -- Installing: /home/samim101/ws_mobile/install/mobile_robot/share/ament_index/resource_index/package_run_dependencies/mobile_robot
[1.541s] -- Installing: /home/samim101/ws_mobile/install/mobile_robot/share/ament_index/resource_index/parent_prefix_path/mobile_robot
[1.541s] -- Installing: /home/samim101/ws_mobile/install/mobile_robot/share/mobile_robot/environment/ament_prefix_path.sh
[1.541s] -- Installing: /home/samim101/ws_mobile/install/mobile_robot/share/mobile_robot/environment/ament_prefix_path.dsv
[1.542s] -- Installing: /home/samim101/ws_mobile/install/mobile_robot/share/mobile_robot/environment/path.sh
[1.542s] -- Installing: /home/samim101/ws_mobile/install/mobile_robot/share/mobile_robot/environment/path.dsv
[1.542s] -- Installing: /home/samim101/ws_mobile/install/mobile_robot/share/mobile_robot/local_setup.bash
[1.542s] -- Installing: /home/samim101/ws_mobile/install/mobile_robot/share/mobile_robot/local_setup.sh
[1.542s] -- Installing: /home/samim101/ws_mobile/install/mobile_robot/share/mobile_robot/local_setup.zsh
[1.542s] -- Installing: /home/samim101/ws_mobile/install/mobile_robot/share/mobile_robot/local_setup.dsv
[1.542s] -- Installing: /home/samim101/ws_mobile/install/mobile_robot/share/mobile_robot/package.dsv
[1.543s] -- Installing: /home/samim101/ws_mobile/install/mobile_robot/share/ament_index/resource_index/packages/mobile_robot
[1.543s] -- Installing: /home/samim101/ws_mobile/install/mobile_robot/share/mobile_robot/cmake/mobile_robotConfig.cmake
[1.543s] -- Installing: /home/samim101/ws_mobile/install/mobile_robot/share/mobile_robot/cmake/mobile_robotConfig-version.cmake
[1.543s] -- Installing: /home/samim101/ws_mobile/install/mobile_robot/share/mobile_robot/package.xml
[1.547s] Invoked command in '/home/samim101/ws_mobile/build/mobile_robot' returned '0': CMAKE_PREFIX_PATH=/opt/ros/iron /usr/bin/cmake --install /home/samim101/ws_mobile/build/mobile_robot
