-- Install configuration: ""
-- Up-to-date: /home/samim101/ws_mobile/install/mobile_robot/share/mobile_robot/launch
-- Up-to-date: /home/samim101/ws_mobile/install/mobile_robot/share/mobile_robot/launch/gazebo_model.launch.py
-- Up-to-date: /home/samim101/ws_mobile/install/mobile_robot/share/mobile_robot/model
-- Installing: /home/samim101/ws_mobile/install/mobile_robot/share/mobile_robot/model/robot.xacro
-- Installing: /home/samim101/ws_mobile/install/mobile_robot/share/mobile_robot/model/robot.gazebo
-- Up-to-date: /home/samim101/ws_mobile/install/mobile_robot/share/ament_index/resource_index/package_run_dependencies/mobile_robot
-- Up-to-date: /home/samim101/ws_mobile/install/mobile_robot/share/ament_index/resource_index/parent_prefix_path/mobile_robot
-- Up-to-date: /home/samim101/ws_mobile/install/mobile_robot/share/mobile_robot/environment/ament_prefix_path.sh
-- Up-to-date: /home/samim101/ws_mobile/install/mobile_robot/share/mobile_robot/environment/ament_prefix_path.dsv
-- Up-to-date: /home/samim101/ws_mobile/install/mobile_robot/share/mobile_robot/environment/path.sh
-- Up-to-date: /home/samim101/ws_mobile/install/mobile_robot/share/mobile_robot/environment/path.dsv
-- Up-to-date: /home/samim101/ws_mobile/install/mobile_robot/share/mobile_robot/local_setup.bash
-- Up-to-date: /home/samim101/ws_mobile/install/mobile_robot/share/mobile_robot/local_setup.sh
-- Up-to-date: /home/samim101/ws_mobile/install/mobile_robot/share/mobile_robot/local_setup.zsh
-- Up-to-date: /home/samim101/ws_mobile/install/mobile_robot/share/mobile_robot/local_setup.dsv
-- Installing: /home/samim101/ws_mobile/install/mobile_robot/share/mobile_robot/package.dsv
-- Up-to-date: /home/samim101/ws_mobile/install/mobile_robot/share/ament_index/resource_index/packages/mobile_robot
-- Up-to-date: /home/samim101/ws_mobile/install/mobile_robot/share/mobile_robot/cmake/mobile_robotConfig.cmake
-- Up-to-date: /home/samim101/ws_mobile/install/mobile_robot/share/mobile_robot/cmake/mobile_robotConfig-version.cmake
-- Up-to-date: /home/samim101/ws_mobile/install/mobile_robot/share/mobile_robot/package.xml
