[0.009s] Invoking command in '/home/samim101/ws_mobile/build/mobile_robot': CMAKE_PREFIX_PATH=${CMAKE_PREFIX_PATH}:/opt/ros/iron /usr/bin/cmake --build /home/samim101/ws_mobile/build/mobile_robot -- -j8 -l8
[0.037s] Invoked command in '/home/samim101/ws_mobile/build/mobile_robot' returned '0': CMAKE_PREFIX_PATH=${CMAKE_PREFIX_PATH}:/opt/ros/iron /usr/bin/cmake --build /home/samim101/ws_mobile/build/mobile_robot -- -j8 -l8
[0.060s] Invoking command in '/home/samim101/ws_mobile/build/mobile_robot': CMAKE_PREFIX_PATH=${CMAKE_PREFIX_PATH}:/opt/ros/iron /usr/bin/cmake --install /home/samim101/ws_mobile/build/mobile_robot
[0.069s] -- Install configuration: ""
[0.069s] -- Up-to-date: /home/samim101/ws_mobile/install/mobile_robot/share/mobile_robot/launch
[0.069s] -- Up-to-date: /home/samim101/ws_mobile/install/mobile_robot/share/mobile_robot/launch/gazebo_model.launch.py
[0.069s] -- Up-to-date: /home/samim101/ws_mobile/install/mobile_robot/share/mobile_robot/model
[0.070s] -- Installing: /home/samim101/ws_mobile/install/mobile_robot/share/mobile_robot/model/robot.xacro
[0.070s] -- Up-to-date: /home/samim101/ws_mobile/install/mobile_robot/share/mobile_robot/model/robot.gazebo
[0.070s] -- Up-to-date: /home/samim101/ws_mobile/install/mobile_robot/share/ament_index/resource_index/package_run_dependencies/mobile_robot
[0.070s] -- Up-to-date: /home/samim101/ws_mobile/install/mobile_robot/share/ament_index/resource_index/parent_prefix_path/mobile_robot
[0.070s] -- Up-to-date: /home/samim101/ws_mobile/install/mobile_robot/share/mobile_robot/environment/ament_prefix_path.sh
[0.070s] -- Up-to-date: /home/samim101/ws_mobile/install/mobile_robot/share/mobile_robot/environment/ament_prefix_path.dsv
[0.070s] -- Up-to-date: /home/samim101/ws_mobile/install/mobile_robot/share/mobile_robot/environment/path.sh
[0.070s] -- Up-to-date: /home/samim101/ws_mobile/install/mobile_robot/share/mobile_robot/environment/path.dsv
[0.070s] -- Up-to-date: /home/samim101/ws_mobile/install/mobile_robot/share/mobile_robot/local_setup.bash
[0.071s] -- Up-to-date: /home/samim101/ws_mobile/install/mobile_robot/share/mobile_robot/local_setup.sh
[0.071s] -- Up-to-date: /home/samim101/ws_mobile/install/mobile_robot/share/mobile_robot/local_setup.zsh
[0.071s] -- Up-to-date: /home/samim101/ws_mobile/install/mobile_robot/share/mobile_robot/local_setup.dsv
[0.071s] -- Installing: /home/samim101/ws_mobile/install/mobile_robot/share/mobile_robot/package.dsv
[0.071s] -- Up-to-date: /home/samim101/ws_mobile/install/mobile_robot/share/ament_index/resource_index/packages/mobile_robot
[0.071s] -- Up-to-date: /home/samim101/ws_mobile/install/mobile_robot/share/mobile_robot/cmake/mobile_robotConfig.cmake
[0.071s] -- Up-to-date: /home/samim101/ws_mobile/install/mobile_robot/share/mobile_robot/cmake/mobile_robotConfig-version.cmake
[0.071s] -- Up-to-date: /home/samim101/ws_mobile/install/mobile_robot/share/mobile_robot/package.xml
[0.072s] Invoked command in '/home/samim101/ws_mobile/build/mobile_robot' returned '0': CMAKE_PREFIX_PATH=${CMAKE_PREFIX_PATH}:/opt/ros/iron /usr/bin/cmake --install /home/samim101/ws_mobile/build/mobile_robot
